<?xml version="1.0" encoding="UTF-8"?>
<!-- Generated by org.testng.reporters.JUnitReportReporter -->
<testsuite hostname="JESUS" failures="0" tests="1" name="SearchTest" time="7.307" errors="0" timestamp="2021-02-23T19:34:44 COT" skipped="0">
  <testcase classname="SearchTest" name="searchTest" time="7.307"/>
  <system-out/>
</testsuite> <!-- SearchTest -->
